{"uid":"c1745890d52152fb","name":"Create user - password field should be masked in logs","fullName":"com.company.tests.demoqa.UserManagementTests.createUser_withPassword_masked","historyId":"7016b982f6c89ac478c4b5bed8256bea","time":{"start":1769704065427,"stop":1769704066667,"duration":1240},"status":"failed","statusMessage":"Expected 200 or 201 but got 404 expected [true] but found [false]","statusTrace":"java.lang.AssertionError: Expected 200 or 201 but got 404 expected [true] but found [false]\n\tat org.testng.Assert.fail(Assert.java:111)\n\tat org.testng.Assert.failNotEquals(Assert.java:1578)\n\tat org.testng.Assert.assertTrue(Assert.java:57)\n\tat com.company.tests.demoqa.UserManagementTests.lambda$createUser_withPassword_masked$0(UserManagementTests.java:37)\n\tat com.company.framework.utils.RetryUtil.retry(RetryUtil.java:14)\n\tat com.company.tests.demoqa.UserManagementTests.createUser_withPassword_masked(UserManagementTests.java:27)\n\tat java.base/jdk.internal.reflect.DirectMethodHandleAccessor.invoke(DirectMethodHandleAccessor.java:104)\n\tat java.base/java.lang.reflect.Method.invoke(Method.java:565)\n\tat org.testng.internal.invokers.MethodInvocationHelper.invokeMethod(MethodInvocationHelper.java:141)\n\tat org.testng.internal.invokers.TestInvoker.invokeMethod(TestInvoker.java:686)\n\tat org.testng.internal.invokers.TestInvoker.invokeTestMethod(TestInvoker.java:230)\n\tat org.testng.internal.invokers.MethodRunner.runInSequence(MethodRunner.java:63)\n\tat org.testng.internal.invokers.TestInvoker$MethodInvocationAgent.invoke(TestInvoker.java:992)\n\tat org.testng.internal.invokers.TestInvoker.invokeTestMethods(TestInvoker.java:203)\n\tat org.testng.internal.invokers.TestMethodWorker.invokeTestMethods(TestMethodWorker.java:154)\n\tat org.testng.internal.invokers.TestMethodWorker.run(TestMethodWorker.java:134)\n\tat java.base/java.util.concurrent.Executors$RunnableAdapter.call(Executors.java:545)\n\tat java.base/java.util.concurrent.FutureTask.run(FutureTask.java:328)\n\tat org.testng.internal.thread.graph.TestNGFutureTask.run(TestNGFutureTask.java:22)\n\tat java.base/java.util.concurrent.ThreadPoolExecutor.runWorker(ThreadPoolExecutor.java:1090)\n\tat java.base/java.util.concurrent.ThreadPoolExecutor$Worker.run(ThreadPoolExecutor.java:614)\n\tat java.base/java.lang.Thread.run(Thread.java:1474)\n","flaky":false,"newFailed":false,"newBroken":false,"newPassed":false,"retriesCount":0,"retriesStatusChange":false,"beforeStages":[{"name":"setup","time":{"start":1769704065411,"stop":1769704065413,"duration":2},"description":"","status":"passed","steps":[],"attachments":[],"parameters":[],"stepsCount":0,"hasContent":false,"attachmentStep":false,"shouldDisplayMessage":false,"attachmentsCount":0}],"testStage":{"status":"failed","statusMessage":"Expected 200 or 201 but got 404 expected [true] but found [false]","statusTrace":"java.lang.AssertionError: Expected 200 or 201 but got 404 expected [true] but found [false]\n\tat org.testng.Assert.fail(Assert.java:111)\n\tat org.testng.Assert.failNotEquals(Assert.java:1578)\n\tat org.testng.Assert.assertTrue(Assert.java:57)\n\tat com.company.tests.demoqa.UserManagementTests.lambda$createUser_withPassword_masked$0(UserManagementTests.java:37)\n\tat com.company.framework.utils.RetryUtil.retry(RetryUtil.java:14)\n\tat com.company.tests.demoqa.UserManagementTests.createUser_withPassword_masked(UserManagementTests.java:27)\n\tat java.base/jdk.internal.reflect.DirectMethodHandleAccessor.invoke(DirectMethodHandleAccessor.java:104)\n\tat java.base/java.lang.reflect.Method.invoke(Method.java:565)\n\tat org.testng.internal.invokers.MethodInvocationHelper.invokeMethod(MethodInvocationHelper.java:141)\n\tat org.testng.internal.invokers.TestInvoker.invokeMethod(TestInvoker.java:686)\n\tat org.testng.internal.invokers.TestInvoker.invokeTestMethod(TestInvoker.java:230)\n\tat org.testng.internal.invokers.MethodRunner.runInSequence(MethodRunner.java:63)\n\tat org.testng.internal.invokers.TestInvoker$MethodInvocationAgent.invoke(TestInvoker.java:992)\n\tat org.testng.internal.invokers.TestInvoker.invokeTestMethods(TestInvoker.java:203)\n\tat org.testng.internal.invokers.TestMethodWorker.invokeTestMethods(TestMethodWorker.java:154)\n\tat org.testng.internal.invokers.TestMethodWorker.run(TestMethodWorker.java:134)\n\tat java.base/java.util.concurrent.Executors$RunnableAdapter.call(Executors.java:545)\n\tat java.base/java.util.concurrent.FutureTask.run(FutureTask.java:328)\n\tat org.testng.internal.thread.graph.TestNGFutureTask.run(TestNGFutureTask.java:22)\n\tat java.base/java.util.concurrent.ThreadPoolExecutor.runWorker(ThreadPoolExecutor.java:1090)\n\tat java.base/java.util.concurrent.ThreadPoolExecutor$Worker.run(ThreadPoolExecutor.java:614)\n\tat java.base/java.lang.Thread.run(Thread.java:1474)\n","steps":[],"attachments":[{"uid":"9d341fb9f08c8fb8","name":"Request","source":"9d341fb9f08c8fb8.html","type":"text/html","size":878},{"uid":"a73e216111ec2d18","name":"HTTP/1.1 404 Not Found","source":"a73e216111ec2d18.html","type":"text/html","size":831}],"parameters":[],"stepsCount":0,"hasContent":true,"attachmentStep":false,"shouldDisplayMessage":true,"attachmentsCount":2},"afterStages":[],"labels":[{"name":"package","value":"com.company.tests.demoqa.UserManagementTests"},{"name":"testClass","value":"com.company.tests.demoqa.UserManagementTests"},{"name":"testMethod","value":"createUser_withPassword_masked"},{"name":"parentSuite","value":"API Automation Suite"},{"name":"suite","value":"DemoQA Tests"},{"name":"subSuite","value":"com.company.tests.demoqa.UserManagementTests"},{"name":"host","value":"Shubhams-MacBook-Air.local"},{"name":"thread","value":"72019@Shubhams-MacBook-Air.local.TestNG-test-DemoQA Tests-2(41)"},{"name":"framework","value":"testng"},{"name":"language","value":"java"},{"name":"story","value":"Create User"},{"name":"feature","value":"User Management"},{"name":"severity","value":"critical"},{"name":"resultFormat","value":"allure2"}],"parameters":[],"links":[],"hidden":false,"retry":false,"extra":{"severity":"critical","retries":[],"categories":[{"name":"Product defects","matchedStatuses":[]}],"tags":[]},"source":"c1745890d52152fb.json","parameterValues":[]}