<?xml version="1.0" encoding="UTF-8"?>
<!-- Generated by org.testng.reporters.JUnitXMLReporter -->
<testsuite ignored="0" hostname="Shubhams-MacBook-Air.local" failures="1" tests="4" name="DemoQA Tests" time="5.046" errors="0" timestamp="2026-01-29T21:57:50 IST">
  <testcase classname="com.company.tests.demoqa.UserManagementTests" name="createUser_withPassword_masked" time="1.253">
    <failure type="java.lang.AssertionError" message="Expected 200 or 201 but got 404 expected [true] but found [false]">
      <![CDATA[java.lang.AssertionError: Expected 200 or 201 but got 404 expected [true] but found [false]
at com.company.tests.demoqa.UserManagementTests.lambda$createUser_withPassword_masked$0(UserManagementTests.java:37)
at com.company.framework.utils.RetryUtil.retry(RetryUtil.java:14)
at com.company.tests.demoqa.UserManagementTests.createUser_withPassword_masked(UserManagementTests.java:27)
at java.base/java.util.concurrent.Executors$RunnableAdapter.call(Executors.java:545)
at java.base/java.util.concurrent.FutureTask.run(FutureTask.java:328)
at java.base/java.util.concurrent.ThreadPoolExecutor.runWorker(ThreadPoolExecutor.java:1090)
at java.base/java.util.concurrent.ThreadPoolExecutor$Worker.run(ThreadPoolExecutor.java:614)
at java.base/java.lang.Thread.run(Thread.java:1474)
... Removed 14 stack frames]]>
    </failure>
  </testcase> <!-- createUser_withPassword_masked -->
  <testcase classname="com.company.tests.demoqa.BookStoreTests" name="shouldGetAllBooks" time="0.59"/>
  <testcase classname="com.company.tests.demoqa.AccountTests" name="shouldCreateUser" time="2.575"/>
  <testcase classname="com.company.tests.demoqa.E2EFlowTests" name="e2e_createUser_generateToken_getBooks" time="5.033"/>
</testsuite> <!-- DemoQA Tests -->
