<?xml version="1.0" encoding="UTF-8"?>
<testsuite xmlns:xsi="http://www.w3.org/2001/XMLSchema-instance" xsi:noNamespaceSchemaLocation="https://maven.apache.org/surefire/maven-surefire-plugin/xsd/surefire-test-report-3.0.xsd" version="3.0" name="TestSuite" time="5.306" tests="4" errors="0" skipped="0" failures="1">
  <properties>
[...]
</properties>
  <testcase name="createUser_withPassword_masked" classname="com.company.tests.demoqa.UserManagementTests" time="1.276">
    <failure message="Expected 200 or 201 but got 404 expected [true] but found [false]" type="java.lang.AssertionError"><![CDATA[java.lang.AssertionError: Expected 200 or 201 but got 404 expected [true] but found [false]
	at org.testng.Assert.fail(Assert.java:111)
	at org.testng.Assert.failNotEquals(Assert.java:1578)
	at org.testng.Assert.assertTrue(Assert.java:57)
	at com.company.tests.demoqa.UserManagementTests.lambda$createUser_withPassword_masked$0(UserManagementTests.java:37)
	at com.company.framework.utils.RetryUtil.retry(RetryUtil.java:14)
	at com.company.tests.demoqa.UserManagementTests.createUser_withPassword_masked(UserManagementTests.java:27)
	at java.base/jdk.internal.reflect.DirectMethodHandleAccessor.invoke(DirectMethodHandleAccessor.java:104)
	at java.base/java.lang.reflect.Method.invoke(Method.java:565)
	at org.testng.internal.invokers.MethodInvocationHelper.invokeMethod(MethodInvocationHelper.java:141)
	at org.testng.internal.invokers.TestInvoker.invokeMethod(TestInvoker.java:686)
	at org.testng.internal.invokers.TestInvoker.invokeTestMethod(TestInvoker.java:230)
	at org.testng.internal.invokers.MethodRunner.runInSequence(MethodRunner.java:63)
	at org.testng.internal.invokers.TestInvoker$MethodInvocationAgent.invoke(TestInvoker.java:992)
	at org.testng.internal.invokers.TestInvoker.invokeTestMethods(TestInvoker.java:203)
	at org.testng.internal.invokers.TestMethodWorker.invokeTestMethods(TestMethodWorker.java:154)
	at org.testng.internal.invokers.TestMethodWorker.run(TestMethodWorker.java:134)
	at java.base/java.util.concurrent.Executors$RunnableAdapter.call(Executors.java:545)
	at java.base/java.util.concurrent.FutureTask.run(FutureTask.java:328)
	at org.testng.internal.thread.graph.TestNGFutureTask.run(TestNGFutureTask.java:22)
	at java.base/java.util.concurrent.ThreadPoolExecutor.runWorker(ThreadPoolExecutor.java:1090)
	at java.base/java.util.concurrent.ThreadPoolExecutor$Worker.run(ThreadPoolExecutor.java:614)
	at java.base/java.lang.Thread.run(Thread.java:1474)
]]></failure>
    <system-out><![CDATA[21:57:45.344 WARN  [main] org.testng.TestNG - Ignoring duplicate listener : io.qameta.allure.testng.AllureTestNg
21:57:45.345 WARN  [main] org.testng.TestNG - Ignoring duplicate listener : io.qameta.allure.testng.AllureTestNg
21:57:45.346 WARN  [main] org.testng.TestNG - Ignoring duplicate listener : io.qameta.allure.testng.AllureTestNg
21:57:45.811 INFO  [TestNG-test-DemoQA Tests-3] c.c.f.c.RestAssuredReportingFilters - REQUEST POST https://demoqa.com/Account/v1/User body={"userName":"user_77b49fa8-25ce-424c-a3e0-23da3e40d04a","password":"***"}
21:57:45.811 INFO  [TestNG-test-DemoQA Tests-1] c.c.f.c.RestAssuredReportingFilters - REQUEST POST https://demoqa.com/Account/v1/User body={"userName":"user_d6ab0755-a143-4d0d-97e5-399b89221cc3","password":"***"}
21:57:45.811 INFO  [TestNG-test-DemoQA Tests-2] c.c.f.c.RestAssuredReportingFilters - REQUEST POST https://demoqa.com/api/users body={"password":"***","email":"testuser@example.com","username":"testuser-1769704065428"}
21:57:46.664 INFO  [TestNG-test-DemoQA Tests-2] c.c.f.c.RestAssuredReportingFilters - RESPONSE status=404 body=<!DOCTYPE html>
<html lang="en">
<head>
<meta charset="utf-8">
<title>Error</title>
</head>
<body>
<pre>Cannot POST /api/users</pre>
</body>
</html>

]]></system-out>
  </testcase>
  <testcase name="shouldGetAllBooks" classname="com.company.tests.demoqa.BookStoreTests" time="0.589">
    <system-out><![CDATA[21:57:46.692 INFO  [TestNG-test-DemoQA Tests-2] c.c.f.c.RestAssuredReportingFilters - REQUEST GET https://demoqa.com/BookStore/v1/Books body=null
21:57:47.191 INFO  [TestNG-test-DemoQA Tests-2] c.c.f.c.RestAssuredReportingFilters - RESPONSE status=200 body={"books":[{"isbn":"9781449325862","title":"Git Pocket Guide","subTitle":"A Working Introduction","author":"Richard E. Silverman","publish_date":"2020-06-04T08:48:39.000Z","publisher":"O'Reilly Media","pages":234,"description":"This pocket guide is the perfect on-the-job companion to Git, the distributed version control system. It provides a compact, readable introduction to Git for new users, as well as a reference to common commands and procedures for those of you with Git exp","website":"http://chimera.labs.oreilly.com/books/1230000000561/index.html"},{"isbn":"9781449331818","title":"Learning JavaScript Design Patterns","subTitle":"A JavaScript and jQuery Developer's Guide","author":"Addy Osmani","publish_date":"2020-06-04T09:11:40.000Z","publisher":"O'Reilly Media","pages":254,"description":"With Learning JavaScript Design Patterns, you'll learn how to write beautiful, structured, and maintainable JavaScript by applying classical and modern design patterns to the language. If you want to keep your code efficient, more manageable, and up-to-da","website":"http://www.addyosmani.com/resources/essentialjsdesignpatterns/book/"},{"isbn":"9781449337711","title":"Designing Evolvable Web APIs with ASP.NET","subTitle":"Harnessing the Power of the Web","author":"Glenn Block et al.","publish_date":"2020-06-04T09:12:43.000Z","publisher":"O'Reilly Media","pages":238,"description":"Design and build Web APIs for a broad range of clients—including browsers and mobile devices—that can adapt to change over time. This practical, hands-on guide takes you through the theory and tools you need to build evolvable HTTP services with Microsoft","website":"http://chimera.labs.oreilly.com/books/1234000001708/index.html"},{"isbn":"9781449365035","title":"Speaking JavaScript","subTitle":"An In-Depth Guide for Programmers","author":"Axel Rauschmayer","publish_date":"2014-02-01T00:00:00.000Z","publisher":"O'Reilly Media","pages":460,"description":"Like it or not, JavaScript is everywhere these days-from browser to server to mobile-and now you, too, need to learn the language or dive deeper than you have. This concise book guides you into and through JavaScript, written by a veteran programmer who o","website":"http://speakingjs.com/"},{"isbn":"9781491904244","title":"You Don't Know JS","subTitle":"ES6 & Beyond","author":"Kyle Simpson","publish_date":"2015-12-27T00:00:00.000Z","publisher":"O'Reilly Media","pages":278,"description":"No matter how much experience you have with JavaScript, odds are you don’t fully understand the language. As part of the \\\"You Don’t Know JS\\\" series, this compact guide focuses on new features available in ECMAScript 6 (ES6), the latest version of the st","website":"https://github.com/getify/You-Dont-Know-JS/tree/master/es6%20&%20beyond"},{"isbn":"9781491950296","title":"Programming JavaScript Applications","subTitle":"Robust Web Architecture with Node, HTML5, and Modern JS Libraries","author":"Eric Elliott","publish_date":"2014-07-01T00:00:00.000Z","publisher":"O'Reilly Media","pages":254,"description":"Take advantage of JavaScript's power to build robust web-scale or enterprise applications that are easy to extend and maintain. By applying the design patterns outlined in this practical book, experienced JavaScript developers will learn how to write flex","website":"http://chimera.labs.oreilly.com/books/1234000000262/index.html"},{"isbn":"9781593275846","title":"Eloquent JavaScript, Second Edition","subTitle":"A Modern Introduction to Programming","author":"Marijn Haverbeke","publish_date":"2014-12-14T00:00:00.000Z","publisher":"No Starch Press","pages":472,"description":"JavaScript lies at the heart of almost every modern web application, from social apps to the newest browser-based games. Though simple for beginners to pick up and play with, JavaScript is a flexible, complex language that you can use to build full-scale ","website":"http://eloquentjavascript.net/"},{"isbn":"9781593277574","title":"Understanding ECMAScript 6","subTitle":"The Definitive Guide for JavaScript Developers","author":"Nicholas C. Zakas","publish_date":"2016-09-03T00:00:00.000Z","publisher":"No Starch Press","pages":352,"description":"ECMAScript 6 represents the biggest update to the core of JavaScript in the history of the language. In Understanding ECMAScript 6, expert developer Nicholas C. Zakas provides a complete guide to the object types, syntax, and other exciting changes that E","website":"https://leanpub.com/understandinges6/read"}]}
]]></system-out>
  </testcase>
  <testcase name="shouldCreateUser" classname="com.company.tests.demoqa.AccountTests" time="1.295">
    <system-out><![CDATA[21:57:47.839 INFO  [TestNG-test-DemoQA Tests-3] c.c.f.c.RestAssuredReportingFilters - RESPONSE status=201 body={"userID":"d55362fe-8403-4404-9132-4a76ef236d96","username":"user_77b49fa8-25ce-424c-a3e0-23da3e40d04a","books":[]}
21:57:47.840 INFO  [TestNG-test-DemoQA Tests-1] c.c.f.c.RestAssuredReportingFilters - RESPONSE status=201 body={"userID":"d973b2ef-25fd-4389-824c-a539d1986ed5","username":"user_d6ab0755-a143-4d0d-97e5-399b89221cc3","books":[]}
]]></system-out>
  </testcase>
  <testcase name="e2e_createUser_generateToken_getBooks" classname="com.company.tests.demoqa.E2EFlowTests" time="3.753">
    <system-out><![CDATA[21:57:47.989 INFO  [TestNG-test-DemoQA Tests-1] c.c.f.c.RestAssuredReportingFilters - REQUEST POST https://demoqa.com/Account/v1/GenerateToken body={"userName":"user_d6ab0755-a143-4d0d-97e5-399b89221cc3","password":"***"}
21:57:49.235 INFO  [TestNG-test-DemoQA Tests-1] c.c.f.c.RestAssuredReportingFilters - RESPONSE status=200 body={"token":"eyJhbGciOiJIUzI1NiIsInR5cCI6IkpXVCJ9.eyJ1c2VyTmFtZSI6InVzZXJfZDZhYjA3NTUtYTE0My00ZDBkLTk3ZTUtMzk5Yjg5MjIxY2MzIiwicGFzc3dvcmQiOiJUZXN0QDEyMzQ1IiwiaWF0IjoxNzY5NzA0MDY4fQ.8WoBE3HMQVE9GNjAjYlnvShm8Rd4pXQj9Yp-A8ZmoYQ","expires":"2026-02-05T16:27:48.447Z","status":"Success","result":"User authorized successfully."}
21:57:49.256 INFO  [TestNG-test-DemoQA Tests-1] c.c.f.c.RestAssuredReportingFilters - REQUEST GET https://demoqa.com/Account/v1/User/d973b2ef-25fd-4389-824c-a539d1986ed5 body=null
21:57:49.949 INFO  [TestNG-test-DemoQA Tests-1] c.c.f.c.RestAssuredReportingFilters - RESPONSE status=200 body={"userId":"d973b2ef-25fd-4389-824c-a539d1986ed5","username":"user_d6ab0755-a143-4d0d-97e5-399b89221cc3","books":[]}
21:57:49.951 INFO  [TestNG-test-DemoQA Tests-1] c.c.f.c.RestAssuredReportingFilters - REQUEST GET https://demoqa.com/BookStore/v1/Books body=null
21:57:50.441 INFO  [TestNG-test-DemoQA Tests-1] c.c.f.c.RestAssuredReportingFilters - RESPONSE status=200 body={"books":[{"isbn":"9781449325862","title":"Git Pocket Guide","subTitle":"A Working Introduction","author":"Richard E. Silverman","publish_date":"2020-06-04T08:48:39.000Z","publisher":"O'Reilly Media","pages":234,"description":"This pocket guide is the perfect on-the-job companion to Git, the distributed version control system. It provides a compact, readable introduction to Git for new users, as well as a reference to common commands and procedures for those of you with Git exp","website":"http://chimera.labs.oreilly.com/books/1230000000561/index.html"},{"isbn":"9781449331818","title":"Learning JavaScript Design Patterns","subTitle":"A JavaScript and jQuery Developer's Guide","author":"Addy Osmani","publish_date":"2020-06-04T09:11:40.000Z","publisher":"O'Reilly Media","pages":254,"description":"With Learning JavaScript Design Patterns, you'll learn how to write beautiful, structured, and maintainable JavaScript by applying classical and modern design patterns to the language. If you want to keep your code efficient, more manageable, and up-to-da","website":"http://www.addyosmani.com/resources/essentialjsdesignpatterns/book/"},{"isbn":"9781449337711","title":"Designing Evolvable Web APIs with ASP.NET","subTitle":"Harnessing the Power of the Web","author":"Glenn Block et al.","publish_date":"2020-06-04T09:12:43.000Z","publisher":"O'Reilly Media","pages":238,"description":"Design and build Web APIs for a broad range of clients—including browsers and mobile devices—that can adapt to change over time. This practical, hands-on guide takes you through the theory and tools you need to build evolvable HTTP services with Microsoft","website":"http://chimera.labs.oreilly.com/books/1234000001708/index.html"},{"isbn":"9781449365035","title":"Speaking JavaScript","subTitle":"An In-Depth Guide for Programmers","author":"Axel Rauschmayer","publish_date":"2014-02-01T00:00:00.000Z","publisher":"O'Reilly Media","pages":460,"description":"Like it or not, JavaScript is everywhere these days-from browser to server to mobile-and now you, too, need to learn the language or dive deeper than you have. This concise book guides you into and through JavaScript, written by a veteran programmer who o","website":"http://speakingjs.com/"},{"isbn":"9781491904244","title":"You Don't Know JS","subTitle":"ES6 & Beyond","author":"Kyle Simpson","publish_date":"2015-12-27T00:00:00.000Z","publisher":"O'Reilly Media","pages":278,"description":"No matter how much experience you have with JavaScript, odds are you don’t fully understand the language. As part of the \\\"You Don’t Know JS\\\" series, this compact guide focuses on new features available in ECMAScript 6 (ES6), the latest version of the st","website":"https://github.com/getify/You-Dont-Know-JS/tree/master/es6%20&%20beyond"},{"isbn":"9781491950296","title":"Programming JavaScript Applications","subTitle":"Robust Web Architecture with Node, HTML5, and Modern JS Libraries","author":"Eric Elliott","publish_date":"2014-07-01T00:00:00.000Z","publisher":"O'Reilly Media","pages":254,"description":"Take advantage of JavaScript's power to build robust web-scale or enterprise applications that are easy to extend and maintain. By applying the design patterns outlined in this practical book, experienced JavaScript developers will learn how to write flex","website":"http://chimera.labs.oreilly.com/books/1234000000262/index.html"},{"isbn":"9781593275846","title":"Eloquent JavaScript, Second Edition","subTitle":"A Modern Introduction to Programming","author":"Marijn Haverbeke","publish_date":"2014-12-14T00:00:00.000Z","publisher":"No Starch Press","pages":472,"description":"JavaScript lies at the heart of almost every modern web application, from social apps to the newest browser-based games. Though simple for beginners to pick up and play with, JavaScript is a flexible, complex language that you can use to build full-scale ","website":"http://eloquentjavascript.net/"},{"isbn":"9781593277574","title":"Understanding ECMAScript 6","subTitle":"The Definitive Guide for JavaScript Developers","author":"Nicholas C. Zakas","publish_date":"2016-09-03T00:00:00.000Z","publisher":"No Starch Press","pages":352,"description":"ECMAScript 6 represents the biggest update to the core of JavaScript in the history of the language. In Understanding ECMAScript 6, expert developer Nicholas C. Zakas provides a complete guide to the object types, syntax, and other exciting changes that E","website":"https://leanpub.com/understandinges6/read"}]}
]]></system-out>
  </testcase>
</testsuite>