<?xml version="1.0" encoding="UTF-8"?>
<testng-results ignored="0" total="4" passed="3" failed="1" skipped="0">
  <reporter-output>
  </reporter-output>
  <suite started-at="2026-01-29T21:57:45 IST" name="API Automation Suite" finished-at="2026-01-29T21:57:50 IST" duration-ms="5046">
    <groups>
    </groups>
    <test started-at="2026-01-29T21:57:45 IST" name="DemoQA Tests" finished-at="2026-01-29T21:57:50 IST" duration-ms="5046">
      <class name="com.company.tests.demoqa.AccountTests">
        <test-method signature="shouldCreateUser()[pri:0, instance:com.company.tests.demoqa.AccountTests@4241e0f4]" started-at="2026-01-29T21:57:45 IST" name="shouldCreateUser" finished-at="2026-01-29T21:57:47 IST" duration-ms="2575" status="PASS">
          <reporter-output>
          </reporter-output>
        </test-method> <!-- shouldCreateUser -->
      </class> <!-- com.company.tests.demoqa.AccountTests -->
      <class name="com.company.tests.demoqa.UserManagementTests">
        <test-method is-config="true" signature="setup()[pri:0, instance:com.company.tests.demoqa.UserManagementTests@4b213651]" started-at="2026-01-29T21:57:45 IST" name="setup" finished-at="2026-01-29T21:57:45 IST" duration-ms="4" status="PASS">
          <reporter-output>
          </reporter-output>
        </test-method> <!-- setup -->
        <test-method signature="createUser_withPassword_masked()[pri:0, instance:com.company.tests.demoqa.UserManagementTests@4b213651]" started-at="2026-01-29T21:57:45 IST" name="createUser_withPassword_masked" description="Create user - password field should be masked in logs" finished-at="2026-01-29T21:57:46 IST" duration-ms="1253" status="FAIL">
          <exception class="java.lang.AssertionError">
            <message>
              <![CDATA[Expected 200 or 201 but got 404 expected [true] but found [false]]]>
            </message>
            <full-stacktrace>
              <![CDATA[java.lang.AssertionError: Expected 200 or 201 but got 404 expected [true] but found [false]
at org.testng.Assert.fail(Assert.java:111)
at org.testng.Assert.failNotEquals(Assert.java:1578)
at org.testng.Assert.assertTrue(Assert.java:57)
at com.company.tests.demoqa.UserManagementTests.lambda$createUser_withPassword_masked$0(UserManagementTests.java:37)
at com.company.framework.utils.RetryUtil.retry(RetryUtil.java:14)
at com.company.tests.demoqa.UserManagementTests.createUser_withPassword_masked(UserManagementTests.java:27)
at java.base/jdk.internal.reflect.DirectMethodHandleAccessor.invoke(DirectMethodHandleAccessor.java:104)
at java.base/java.lang.reflect.Method.invoke(Method.java:565)
at org.testng.internal.invokers.MethodInvocationHelper.invokeMethod(MethodInvocationHelper.java:141)
at org.testng.internal.invokers.TestInvoker.invokeMethod(TestInvoker.java:686)
at org.testng.internal.invokers.TestInvoker.invokeTestMethod(TestInvoker.java:230)
at org.testng.internal.invokers.MethodRunner.runInSequence(MethodRunner.java:63)
at org.testng.internal.invokers.TestInvoker$MethodInvocationAgent.invoke(TestInvoker.java:992)
at org.testng.internal.invokers.TestInvoker.invokeTestMethods(TestInvoker.java:203)
at org.testng.internal.invokers.TestMethodWorker.invokeTestMethods(TestMethodWorker.java:154)
at org.testng.internal.invokers.TestMethodWorker.run(TestMethodWorker.java:134)
at java.base/java.util.concurrent.Executors$RunnableAdapter.call(Executors.java:545)
at java.base/java.util.concurrent.FutureTask.run(FutureTask.java:328)
at org.testng.internal.thread.graph.TestNGFutureTask.run(TestNGFutureTask.java:22)
at java.base/java.util.concurrent.ThreadPoolExecutor.runWorker(ThreadPoolExecutor.java:1090)
at java.base/java.util.concurrent.ThreadPoolExecutor$Worker.run(ThreadPoolExecutor.java:614)
at java.base/java.lang.Thread.run(Thread.java:1474)
]]>
            </full-stacktrace>
          </exception> <!-- java.lang.AssertionError -->
          <reporter-output>
          </reporter-output>
        </test-method> <!-- createUser_withPassword_masked -->
      </class> <!-- com.company.tests.demoqa.UserManagementTests -->
      <class name="com.company.tests.demoqa.E2EFlowTests">
        <test-method signature="e2e_createUser_generateToken_getBooks()[pri:0, instance:com.company.tests.demoqa.E2EFlowTests@20435c40]" started-at="2026-01-29T21:57:45 IST" name="e2e_createUser_generateToken_getBooks" finished-at="2026-01-29T21:57:50 IST" duration-ms="5033" status="PASS">
          <reporter-output>
          </reporter-output>
        </test-method> <!-- e2e_createUser_generateToken_getBooks -->
      </class> <!-- com.company.tests.demoqa.E2EFlowTests -->
      <class name="com.company.tests.demoqa.BookStoreTests">
        <test-method signature="shouldGetAllBooks()[pri:0, instance:com.company.tests.demoqa.BookStoreTests@4ebff610]" started-at="2026-01-29T21:57:46 IST" name="shouldGetAllBooks" finished-at="2026-01-29T21:57:47 IST" duration-ms="590" status="PASS">
          <reporter-output>
          </reporter-output>
        </test-method> <!-- shouldGetAllBooks -->
      </class> <!-- com.company.tests.demoqa.BookStoreTests -->
    </test> <!-- DemoQA Tests -->
  </suite> <!-- API Automation Suite -->
</testng-results>
