<?xml version="1.0" encoding="UTF-8"?>
<testsuite xmlns:xsi="http://www.w3.org/2001/XMLSchema-instance" xsi:noNamespaceSchemaLocation="https://maven.apache.org/surefire/maven-surefire-plugin/xsd/surefire-test-report-3.0.xsd" version="3.0" name="TestSuite" time="1.391" tests="5" errors="0" skipped="1" failures="4">
  <properties>
[...]
</properties>
  <testcase name="createUserAndValidateDb" classname="com.company.tests.demoqa.DbValidationTests" time="0.0">
    <skipped message="DB not enabled - skipping DB validation"/>
    <system-out><![CDATA[22:36:48.607 WARN  [main] org.testng.TestNG - Ignoring duplicate listener : io.qameta.allure.testng.AllureTestNg
22:36:48.608 WARN  [main] org.testng.TestNG - Ignoring duplicate listener : io.qameta.allure.testng.AllureTestNg
22:36:48.608 WARN  [main] org.testng.TestNG - Ignoring duplicate listener : io.qameta.allure.testng.AllureTestNg
22:36:48.689 INFO  [TestNG-test-DemoQA Tests-5] c.company.framework.utils.RetryUtil - Retry attempt 1/3
22:36:48.953 INFO  [TestNG-test-DemoQA Tests-4] c.c.f.c.RestAssuredReportingFilters - REQUEST POST https://demoqa.com/v1/api/users body={"username":"test_user_1769706408687","password":"***"}
22:36:48.953 INFO  [TestNG-test-DemoQA Tests-1] c.c.f.c.RestAssuredReportingFilters - REQUEST POST https://demoqa.com/v1/Account/User body={"userName":"user_99d08f8f-253f-4ce4-9b28-cf5a4d4f8e69","password":"***"}
22:36:48.953 INFO  [TestNG-test-DemoQA Tests-5] c.c.f.c.RestAssuredReportingFilters - REQUEST GET https://demoqa.com/v1/BookStore/Books body=null
22:36:48.953 INFO  [TestNG-test-DemoQA Tests-3] c.c.f.c.RestAssuredReportingFilters - REQUEST POST https://demoqa.com/v1/Account/User body={"userName":"user_c0ba6e4f-760e-40a4-a642-54cf111cb865","password":"***"}
22:36:48.953 INFO  [TestNG-test-DemoQA Tests-2] c.c.f.c.RestAssuredReportingFilters - REQUEST POST https://demoqa.com/v1/api/users body={"password":"***","email":"testuser@example.com","username":"testuser-1769706408687"}
22:36:49.750 INFO  [TestNG-test-DemoQA Tests-1] c.c.f.c.RestAssuredReportingFilters - RESPONSE status=404 body=<!DOCTYPE html>
<html lang="en">
<head>
<meta charset="utf-8">
<title>Error</title>
</head>
<body>
<pre>Cannot POST /v1/Account/User</pre>
</body>
</html>

22:36:49.750 INFO  [TestNG-test-DemoQA Tests-2] c.c.f.c.RestAssuredReportingFilters - RESPONSE status=404 body=<!DOCTYPE html>
<html lang="en">
<head>
<meta charset="utf-8">
<title>Error</title>
</head>
<body>
<pre>Cannot POST /v1/api/users</pre>
</body>
</html>

22:36:49.750 INFO  [TestNG-test-DemoQA Tests-3] c.c.f.c.RestAssuredReportingFilters - RESPONSE status=404 body=<!DOCTYPE html>
<html lang="en">
<head>
<meta charset="utf-8">
<title>Error</title>
</head>
<body>
<pre>Cannot POST /v1/Account/User</pre>
</body>
</html>

22:36:49.750 INFO  [TestNG-test-DemoQA Tests-5] c.c.f.c.RestAssuredReportingFilters - RESPONSE status=200 body=<!doctype html><html><head><meta name="viewport" content="width=device-width,initial-scale=1"><script src="https://code.jquery.com/jquery-3.5.0.min.js" integrity="sha256-xNzN2a4ltkB44Mc/Jz3pT4iU1cmeR0FkXs4pru/JxaQ=" crossorigin="anonymous"></script><script src="https://code.jquery.com/ui/1.12.0/jquery-ui.min.js" integrity="sha256-eGE6blurk5sHj+rmkfsGYeKyZx3M4bG+ZlFyA7Kns7E=" crossorigin="anonymous"></script><link href="https://stackpath.bootstrapcdn.com/bootstrap/4.4.1/css/bootstrap.min.css" rel="stylesheet" integrity="sha384-Vkoo8x4CGsO3+Hhxv8T/Q5PaXtkKtu6ug5TOeNV6gBiFeWPGFN9MuhOf23Q9Ifjh" crossorigin="anonymous"><script async>async function detectAdBlock(){let e=!1;try{await fetch(new Request("https://pagead2.googlesyndication.com/pagead/js/adsbygoogle.js")).catch(t=>e=!0)}catch(t){e=!1}finally{!0===e&&dataLayer.push({event:"Ad Blocker"}),console.log("AdBlock Enabled: "+e)}}detectAdBlock()</script><script async src="https://pagead2.googlesyndication.com/pagead/js/adsbygoogle.js?client=ca-pub-5889298451609146" crossorigin="anonymous"></script><title>DEMOQA</title><div id="fixedban" style="width:100%;margin:auto;text-align:center;float:none;overflow:hidden;display:scroll;position:fixed;bottom:0;z-index:9999999"><div style="text-align:center;display:block;max-width:970px;height:auto;overflow:hidden;margin:auto"><script async="async" src="https://www.googletagservices.com/tag/js/gpt.js"></script><script>var gptadslots=[],googletag=googletag||{cmd:[]}</script><script>googletag.cmd.push((function(){var e=googletag.sizeMapping().addSize([0,0],[[320,50],[300,75],[300,50]]).addSize([730,200],[[728,90],[468,60]]).addSize([975,200],[[970,90],[728,90],[960,90],[750,100],[950,90],[468,60]]).build();gptadslots.push(googletag.defineSlot("/21849154601,22343295815/Ad.Plus-Anchor",[[320,100]],"adplus-anchor").setTargeting("site",["demoqa.com"]).defineSizeMapping(e).addService(googletag.pubads())),googletag.enableServices()}))</script><div><a id="close-fixedban" onclick='document.getElementById("fixedban&apos").style.display="none&apos"' style="cursor:pointer"><img src="https://ad.plus/adplus-advertising.svg" alt="adplus-dvertising" title="Ad.Plus Advertising" style="vertical-align:middle"/></a></div><div id="adplus-anchor"><script>googletag.cmd.push((function(){googletag.display("adplus-anchor")}))</script></div></div></div><script>!function(e,t,a,n,g){e[n]=e[n]||[],e[n].push({"gtm.start":(new Date).getTime(),event:"gtm.js"});var m=t.getElementsByTagName(a)[0],r=t.createElement(a);r.async=!0,r.src="https://www.googletagmanager.com/gtm.js?id=GTM-MX8DD4S",m.parentNode.insertBefore(r,m)}(window,document,"script","dataLayer")</script><link rel="shortcut icon" href="/favicon.png"><link href="/main.css" rel="stylesheet"></head><body><noscript><iframe src="https://www.googletagmanager.com/ns.html?id=GTM-MX8DD4S" height="0" width="0" style="display:none;visibility:hidden"></iframe></noscript><div id="app"></div><script src="https://www.google.com/recaptcha/api.js?onload=onloadCallback&render=explicit" async defer="defer"></script><script src="/bundle.js"></script></body></html>
22:36:49.751 INFO  [TestNG-test-DemoQA Tests-4] c.c.f.c.RestAssuredReportingFilters - RESPONSE status=404 body=<!DOCTYPE html>
<html lang="en">
<head>
<meta charset="utf-8">
<title>Error</title>
</head>
<body>
<pre>Cannot POST /v1/api/users</pre>
</body>
</html>

]]></system-out>
  </testcase>
  <testcase name="shouldCreateUser" classname="com.company.tests.demoqa.AccountTests" time="1.107">
    <failure message="Unexpected status. Body: &lt;!DOCTYPE html&gt;&#10;&lt;html lang=&quot;en&quot;&gt;&#10;&lt;head&gt;&#10;&lt;meta charset=&quot;utf-8&quot;&gt;&#10;&lt;title&gt;Error&lt;/title&gt;&#10;&lt;/head&gt;&#10;&lt;body&gt;&#10;&lt;pre&gt;Cannot POST /v1/Account/User&lt;/pre&gt;&#10;&lt;/body&gt;&#10;&lt;/html&gt;&#10; expected [201] but found [404]" type="java.lang.AssertionError"><![CDATA[java.lang.AssertionError: 
Unexpected status. Body: <!DOCTYPE html>
<html lang="en">
<head>
<meta charset="utf-8">
<title>Error</title>
</head>
<body>
<pre>Cannot POST /v1/Account/User</pre>
</body>
</html>
 expected [201] but found [404]
	at org.testng.Assert.fail(Assert.java:111)
	at org.testng.Assert.failNotEquals(Assert.java:1578)
	at org.testng.Assert.assertEqualsImpl(Assert.java:150)
	at org.testng.Assert.assertEquals(Assert.java:132)
	at org.testng.Assert.assertEquals(Assert.java:1419)
	at org.testng.Assert.assertEquals(Assert.java:1383)
	at com.company.framework.assertions.ApiAssertions.assertStatus(ApiAssertions.java:11)
	at com.company.tests.demoqa.AccountTests.shouldCreateUser(AccountTests.java:22)
	at java.base/jdk.internal.reflect.DirectMethodHandleAccessor.invoke(DirectMethodHandleAccessor.java:104)
	at java.base/java.lang.reflect.Method.invoke(Method.java:565)
	at org.testng.internal.invokers.MethodInvocationHelper.invokeMethod(MethodInvocationHelper.java:141)
	at org.testng.internal.invokers.TestInvoker.invokeMethod(TestInvoker.java:686)
	at org.testng.internal.invokers.TestInvoker.invokeTestMethod(TestInvoker.java:230)
	at org.testng.internal.invokers.MethodRunner.runInSequence(MethodRunner.java:63)
	at org.testng.internal.invokers.TestInvoker$MethodInvocationAgent.invoke(TestInvoker.java:992)
	at org.testng.internal.invokers.TestInvoker.invokeTestMethods(TestInvoker.java:203)
	at org.testng.internal.invokers.TestMethodWorker.invokeTestMethods(TestMethodWorker.java:154)
	at org.testng.internal.invokers.TestMethodWorker.run(TestMethodWorker.java:134)
	at java.base/java.util.concurrent.Executors$RunnableAdapter.call(Executors.java:545)
	at java.base/java.util.concurrent.FutureTask.run(FutureTask.java:328)
	at org.testng.internal.thread.graph.TestNGFutureTask.run(TestNGFutureTask.java:22)
	at java.base/java.util.concurrent.ThreadPoolExecutor.runWorker(ThreadPoolExecutor.java:1090)
	at java.base/java.util.concurrent.ThreadPoolExecutor$Worker.run(ThreadPoolExecutor.java:614)
	at java.base/java.lang.Thread.run(Thread.java:1474)
]]></failure>
  </testcase>
  <testcase name="createUser_withPassword_masked" classname="com.company.tests.demoqa.UserManagementTests" time="1.107">
    <failure message="Expected 200 or 201 but got 404 expected [true] but found [false]" type="java.lang.AssertionError"><![CDATA[java.lang.AssertionError: Expected 200 or 201 but got 404 expected [true] but found [false]
	at org.testng.Assert.fail(Assert.java:111)
	at org.testng.Assert.failNotEquals(Assert.java:1578)
	at org.testng.Assert.assertTrue(Assert.java:57)
	at com.company.tests.demoqa.UserManagementTests.createUser_withPassword_masked(UserManagementTests.java:34)
	at java.base/jdk.internal.reflect.DirectMethodHandleAccessor.invoke(DirectMethodHandleAccessor.java:104)
	at java.base/java.lang.reflect.Method.invoke(Method.java:565)
	at org.testng.internal.invokers.MethodInvocationHelper.invokeMethod(MethodInvocationHelper.java:141)
	at org.testng.internal.invokers.TestInvoker.invokeMethod(TestInvoker.java:686)
	at org.testng.internal.invokers.TestInvoker.invokeTestMethod(TestInvoker.java:230)
	at org.testng.internal.invokers.MethodRunner.runInSequence(MethodRunner.java:63)
	at org.testng.internal.invokers.TestInvoker$MethodInvocationAgent.invoke(TestInvoker.java:992)
	at org.testng.internal.invokers.TestInvoker.invokeTestMethods(TestInvoker.java:203)
	at org.testng.internal.invokers.TestMethodWorker.invokeTestMethods(TestMethodWorker.java:154)
	at org.testng.internal.invokers.TestMethodWorker.run(TestMethodWorker.java:134)
	at java.base/java.util.concurrent.Executors$RunnableAdapter.call(Executors.java:545)
	at java.base/java.util.concurrent.FutureTask.run(FutureTask.java:328)
	at org.testng.internal.thread.graph.TestNGFutureTask.run(TestNGFutureTask.java:22)
	at java.base/java.util.concurrent.ThreadPoolExecutor.runWorker(ThreadPoolExecutor.java:1090)
	at java.base/java.util.concurrent.ThreadPoolExecutor$Worker.run(ThreadPoolExecutor.java:614)
	at java.base/java.lang.Thread.run(Thread.java:1474)
]]></failure>
  </testcase>
  <testcase name="e2e_createUser_generateToken_getBooks" classname="com.company.tests.demoqa.E2EFlowTests" time="1.107">
    <failure message="Unexpected status. Body: &lt;!DOCTYPE html&gt;&#10;&lt;html lang=&quot;en&quot;&gt;&#10;&lt;head&gt;&#10;&lt;meta charset=&quot;utf-8&quot;&gt;&#10;&lt;title&gt;Error&lt;/title&gt;&#10;&lt;/head&gt;&#10;&lt;body&gt;&#10;&lt;pre&gt;Cannot POST /v1/Account/User&lt;/pre&gt;&#10;&lt;/body&gt;&#10;&lt;/html&gt;&#10; expected [201] but found [404]" type="java.lang.AssertionError"><![CDATA[java.lang.AssertionError: 
Unexpected status. Body: <!DOCTYPE html>
<html lang="en">
<head>
<meta charset="utf-8">
<title>Error</title>
</head>
<body>
<pre>Cannot POST /v1/Account/User</pre>
</body>
</html>
 expected [201] but found [404]
	at org.testng.Assert.fail(Assert.java:111)
	at org.testng.Assert.failNotEquals(Assert.java:1578)
	at org.testng.Assert.assertEqualsImpl(Assert.java:150)
	at org.testng.Assert.assertEquals(Assert.java:132)
	at org.testng.Assert.assertEquals(Assert.java:1419)
	at org.testng.Assert.assertEquals(Assert.java:1383)
	at com.company.framework.assertions.ApiAssertions.assertStatus(ApiAssertions.java:11)
	at com.company.tests.demoqa.E2EFlowTests.e2e_createUser_generateToken_getBooks(E2EFlowTests.java:25)
	at java.base/jdk.internal.reflect.DirectMethodHandleAccessor.invoke(DirectMethodHandleAccessor.java:104)
	at java.base/java.lang.reflect.Method.invoke(Method.java:565)
	at org.testng.internal.invokers.MethodInvocationHelper.invokeMethod(MethodInvocationHelper.java:141)
	at org.testng.internal.invokers.TestInvoker.invokeMethod(TestInvoker.java:686)
	at org.testng.internal.invokers.TestInvoker.invokeTestMethod(TestInvoker.java:230)
	at org.testng.internal.invokers.MethodRunner.runInSequence(MethodRunner.java:63)
	at org.testng.internal.invokers.TestInvoker$MethodInvocationAgent.invoke(TestInvoker.java:992)
	at org.testng.internal.invokers.TestInvoker.invokeTestMethods(TestInvoker.java:203)
	at org.testng.internal.invokers.TestMethodWorker.invokeTestMethods(TestMethodWorker.java:154)
	at org.testng.internal.invokers.TestMethodWorker.run(TestMethodWorker.java:134)
	at java.base/java.util.concurrent.Executors$RunnableAdapter.call(Executors.java:545)
	at java.base/java.util.concurrent.FutureTask.run(FutureTask.java:328)
	at org.testng.internal.thread.graph.TestNGFutureTask.run(TestNGFutureTask.java:22)
	at java.base/java.util.concurrent.ThreadPoolExecutor.runWorker(ThreadPoolExecutor.java:1090)
	at java.base/java.util.concurrent.ThreadPoolExecutor$Worker.run(ThreadPoolExecutor.java:614)
	at java.base/java.lang.Thread.run(Thread.java:1474)
]]></failure>
  </testcase>
  <testcase name="shouldGetAllBooks" classname="com.company.tests.demoqa.BookStoreTests" time="1.14">
    <failure message="com.fasterxml.jackson.core.JsonParseException: Unexpected character (&apos;&lt;&apos; (code 60)): expected a valid value (JSON String, Number, Array, Object or token &apos;null&apos;, &apos;true&apos; or &apos;false&apos;)&#10; at [Source: REDACTED (`StreamReadFeature.INCLUDE_SOURCE_IN_LOCATION` disabled); line: 1, column: 1]" type="io.restassured.module.jsv.JsonSchemaValidationException"><![CDATA[io.restassured.module.jsv.JsonSchemaValidationException: 
com.fasterxml.jackson.core.JsonParseException: Unexpected character ('<' (code 60)): expected a valid value (JSON String, Number, Array, Object or token 'null', 'true' or 'false')
 at [Source: REDACTED (`StreamReadFeature.INCLUDE_SOURCE_IN_LOCATION` disabled); line: 1, column: 1]
	at io.restassured.module.jsv.JsonSchemaValidator.matchesSafely(JsonSchemaValidator.java:233)
	at io.restassured.module.jsv.JsonSchemaValidator.matchesSafely(JsonSchemaValidator.java:75)
	at org.hamcrest.TypeSafeMatcher.matches(TypeSafeMatcher.java:67)
	at io.restassured.internal.assertion.BodyMatcher.validate(BodyMatcher.java:82)
	at io.restassured.internal.assertion.BodyMatcherGroup.lambda$validate$0(BodyMatcherGroup.java:30)
	at java.base/java.util.stream.ReferencePipeline$3$1.accept(ReferencePipeline.java:214)
	at java.base/java.util.ArrayList$ArrayListSpliterator.forEachRemaining(ArrayList.java:1716)
	at java.base/java.util.stream.AbstractPipeline.copyInto(AbstractPipeline.java:570)
	at java.base/java.util.stream.AbstractPipeline.wrapAndCopyInto(AbstractPipeline.java:560)
	at java.base/java.util.stream.ReduceOps$ReduceOp.evaluateSequential(ReduceOps.java:921)
	at java.base/java.util.stream.AbstractPipeline.evaluate(AbstractPipeline.java:265)
	at java.base/java.util.stream.ReferencePipeline.collect(ReferencePipeline.java:723)
	at io.restassured.internal.assertion.BodyMatcherGroup.validate(BodyMatcherGroup.java:30)
	at io.restassured.internal.assertion.BodyMatcherGroup$validate$6.call(Unknown Source)
	at org.codehaus.groovy.runtime.callsite.CallSiteArray.defaultCall(CallSiteArray.java:45)
	at org.codehaus.groovy.runtime.callsite.AbstractCallSite.call(AbstractCallSite.java:125)
	at org.codehaus.groovy.runtime.callsite.AbstractCallSite.call(AbstractCallSite.java:157)
	at io.restassured.internal.ResponseSpecificationImpl$HamcrestAssertionClosure.validate(ResponseSpecificationImpl.groovy:499)
	at io.restassured.internal.ResponseSpecificationImpl$HamcrestAssertionClosure$validate$7.call(Unknown Source)
	at org.codehaus.groovy.runtime.callsite.CallSiteArray.defaultCall(CallSiteArray.java:45)
	at org.codehaus.groovy.runtime.callsite.AbstractCallSite.call(AbstractCallSite.java:125)
	at org.codehaus.groovy.runtime.callsite.AbstractCallSite.call(AbstractCallSite.java:139)
	at io.restassured.internal.ResponseSpecificationImpl.validateResponseIfRequired(ResponseSpecificationImpl.groovy:696)
	at io.restassured.internal.ResponseSpecificationImpl.this$2$validateResponseIfRequired(ResponseSpecificationImpl.groovy)
	at java.base/jdk.internal.reflect.DirectMethodHandleAccessor.invoke(DirectMethodHandleAccessor.java:104)
	at java.base/java.lang.reflect.Method.invoke(Method.java:565)
	at org.codehaus.groovy.runtime.callsite.PlainObjectMetaMethodSite.doInvoke(PlainObjectMetaMethodSite.java:43)
	at org.codehaus.groovy.runtime.callsite.PogoMetaMethodSite$PogoCachedMethodSiteNoUnwrapNoCoerce.invoke(PogoMetaMethodSite.java:198)
	at org.codehaus.groovy.runtime.callsite.PogoMetaMethodSite.callCurrent(PogoMetaMethodSite.java:62)
	at org.codehaus.groovy.runtime.callsite.CallSiteArray.defaultCallCurrent(CallSiteArray.java:49)
	at org.codehaus.groovy.runtime.callsite.AbstractCallSite.callCurrent(AbstractCallSite.java:171)
	at org.codehaus.groovy.runtime.callsite.AbstractCallSite.callCurrent(AbstractCallSite.java:185)
	at io.restassured.internal.ResponseSpecificationImpl.body(ResponseSpecificationImpl.groovy:107)
	at io.restassured.internal.ValidatableResponseOptionsImpl.body(ValidatableResponseOptionsImpl.java:238)
	at com.company.framework.assertions.SchemaValidatorUtil.validateSchema(SchemaValidatorUtil.java:15)
	at com.company.framework.assertions.ApiAssertions.assertSchema(ApiAssertions.java:21)
	at com.company.tests.demoqa.BookStoreTests.shouldGetAllBooks(BookStoreTests.java:19)
	at java.base/jdk.internal.reflect.DirectMethodHandleAccessor.invoke(DirectMethodHandleAccessor.java:104)
	at java.base/java.lang.reflect.Method.invoke(Method.java:565)
	at org.testng.internal.invokers.MethodInvocationHelper.invokeMethod(MethodInvocationHelper.java:141)
	at org.testng.internal.invokers.TestInvoker.invokeMethod(TestInvoker.java:686)
	at org.testng.internal.invokers.TestInvoker.invokeTestMethod(TestInvoker.java:230)
	at org.testng.internal.invokers.MethodRunner.runInSequence(MethodRunner.java:63)
	at org.testng.internal.invokers.TestInvoker$MethodInvocationAgent.invoke(TestInvoker.java:992)
	at org.testng.internal.invokers.TestInvoker.invokeTestMethods(TestInvoker.java:203)
	at org.testng.internal.invokers.TestMethodWorker.invokeTestMethods(TestMethodWorker.java:154)
	at org.testng.internal.invokers.TestMethodWorker.run(TestMethodWorker.java:134)
	at java.base/java.util.concurrent.Executors$RunnableAdapter.call(Executors.java:545)
	at java.base/java.util.concurrent.FutureTask.run(FutureTask.java:328)
	at org.testng.internal.thread.graph.TestNGFutureTask.run(TestNGFutureTask.java:22)
	at java.base/java.util.concurrent.ThreadPoolExecutor.runWorker(ThreadPoolExecutor.java:1090)
	at java.base/java.util.concurrent.ThreadPoolExecutor$Worker.run(ThreadPoolExecutor.java:614)
	at java.base/java.lang.Thread.run(Thread.java:1474)
Caused by: com.fasterxml.jackson.core.JsonParseException: Unexpected character ('<' (code 60)): expected a valid value (JSON String, Number, Array, Object or token 'null', 'true' or 'false')
 at [Source: REDACTED (`StreamReadFeature.INCLUDE_SOURCE_IN_LOCATION` disabled); line: 1, column: 1]
	at com.fasterxml.jackson.core.JsonParser._constructReadException(JsonParser.java:2643)
	at com.fasterxml.jackson.core.base.ParserMinimalBase._reportUnexpectedChar(ParserMinimalBase.java:685)
	at com.fasterxml.jackson.core.json.ReaderBasedJsonParser._handleOddValue(ReaderBasedJsonParser.java:2055)
	at com.fasterxml.jackson.core.json.ReaderBasedJsonParser.nextToken(ReaderBasedJsonParser.java:780)
	at com.fasterxml.jackson.databind.MappingIterator.hasNextValue(MappingIterator.java:246)
	at com.github.fge.jackson.JsonNodeReader.readNode(JsonNodeReader.java:149)
	at com.github.fge.jackson.JsonNodeReader.fromReader(JsonNodeReader.java:129)
	at com.github.fge.jackson.JsonLoader.fromReader(JsonLoader.java:186)
	at com.github.fge.jackson.JsonLoader.fromString(JsonLoader.java:199)
	at io.restassured.module.jsv.JsonSchemaValidator.matchesSafely(JsonSchemaValidator.java:214)
	... 52 more
]]></failure>
  </testcase>
</testsuite>